\BOOKMARK [1][-]{section.1}{G1}{}% 1
\BOOKMARK [1][-]{section.2}{G2}{}% 2
\BOOKMARK [1][-]{section.3}{G3}{}% 3
\BOOKMARK [1][-]{section.4}{G4}{}% 4
\BOOKMARK [1][-]{section.5}{G5}{}% 5
\BOOKMARK [1][-]{section.6}{G6}{}% 6
\BOOKMARK [1][-]{section.7}{G7}{}% 7
\BOOKMARK [1][-]{section.8}{G8}{}% 8
\BOOKMARK [1][-]{section.9}{R1}{}% 9
\BOOKMARK [1][-]{section.10}{Tone\040frequency}{}% 10
\BOOKMARK [1][-]{section.11}{E1}{}% 11
\BOOKMARK [1][-]{section.12}{E2}{}% 12
\BOOKMARK [1][-]{section.13}{Temperature}{}% 13
\BOOKMARK [1][-]{section.14}{G9}{}% 14
\BOOKMARK [1][-]{section.15}{G10}{}% 15
\BOOKMARK [1][-]{section.16}{G11}{}% 16
\BOOKMARK [1][-]{section.17}{G12}{}% 17
\BOOKMARK [1][-]{section.18}{G13}{}% 18
\BOOKMARK [1][-]{section.19}{G14}{}% 19
\BOOKMARK [1][-]{section.20}{G15}{}% 20
\BOOKMARK [1][-]{section.21}{G16}{}% 21
\BOOKMARK [1][-]{section.22}{G17}{}% 22
\BOOKMARK [1][-]{section.23}{G18}{}% 23
\BOOKMARK [1][-]{section.24}{G19}{}% 24
\BOOKMARK [1][-]{section.25}{G20}{}% 25
\BOOKMARK [1][-]{section.26}{G21}{}% 26
